<?xml version="1.0" encoding="UTF-8"?>
<testng-results skipped="0" failed="0" ignored="0" total="1" passed="1">
  <reporter-output>
  </reporter-output>
  <suite name="Default suite" duration-ms="6073" started-at="2017-12-22T16:49:11Z" finished-at="2017-12-22T16:49:17Z">
    <groups>
    </groups>
    <test name="Default test" duration-ms="6073" started-at="2017-12-22T16:49:11Z" finished-at="2017-12-22T16:49:17Z">
      <class name="testNGReport.testNGReport">
        <test-method status="PASS" signature="TakeScreenShot()[pri:0, instance:testNGReport.testNGReport@1786dec2]" name="TakeScreenShot" duration-ms="6052" started-at="2017-12-22T11:49:11Z" finished-at="2017-12-22T11:49:17Z">
          <reporter-output>
          </reporter-output>
        </test-method> <!-- TakeScreenShot -->
      </class> <!-- testNGReport.testNGReport -->
    </test> <!-- Default test -->
  </suite> <!-- Default suite -->
</testng-results>
