<?xml version="1.0" encoding="UTF-8"?>
<!-- Generated by org.testng.reporters.JUnitXMLReporter -->
<testsuite hostname="LAPTOP-HG6F6UH3" ignored="0" name="Default test" tests="3" failures="0" timestamp="25 Sep 2018 01:23:58 GMT" time="26.028" errors="0">
  <testcase name="loginPageTitleTest" time="0.02" classname="com.crmqa.testcases.LoginPageTest"/>
  <testcase name="crmLogoImageTest" time="0.06" classname="com.crmqa.testcases.LoginPageTest"/>
  <testcase name="loginTest" time="6.024" classname="com.crmqa.testcases.LoginPageTest"/>
</testsuite> <!-- Default test -->
