<?xml version="1.0" encoding="UTF-8"?>
<testng-results skipped="0" failed="0" ignored="0" total="2" passed="2">
  <reporter-output>
  </reporter-output>
  <suite name="Default suite" duration-ms="8077" started-at="2018-11-12T16:02:12Z" finished-at="2018-11-12T16:02:20Z">
    <groups>
    </groups>
    <test name="Default test" duration-ms="8077" started-at="2018-11-12T16:02:12Z" finished-at="2018-11-12T16:02:20Z">
      <class name="com.qa.rest.tests.WeatherGetTests">
        <test-method status="PASS" signature="getWeatherDetailsWithInvalidCityTest()[pri:0, instance:com.qa.rest.tests.WeatherGetTests@7823a2f9]" name="getWeatherDetailsWithInvalidCityTest" duration-ms="7098" started-at="2018-11-12T16:02:12Z" finished-at="2018-11-12T16:02:19Z">
          <reporter-output>
          </reporter-output>
        </test-method> <!-- getWeatherDetailsWithInvalidCityTest -->
        <test-method status="PASS" signature="getWeatherDetailsWithValidCityTest()[pri:0, instance:com.qa.rest.tests.WeatherGetTests@7823a2f9]" name="getWeatherDetailsWithValidCityTest" duration-ms="911" started-at="2018-11-12T16:02:19Z" finished-at="2018-11-12T16:02:20Z">
          <reporter-output>
          </reporter-output>
        </test-method> <!-- getWeatherDetailsWithValidCityTest -->
      </class> <!-- com.qa.rest.tests.WeatherGetTests -->
    </test> <!-- Default test -->
  </suite> <!-- Default suite -->
</testng-results>
