<?xml version="1.0" encoding="UTF-8"?>
<!-- Generated by org.testng.reporters.JUnitXMLReporter -->
<testsuite hostname="LAPTOP-HG6F6UH3" ignored="0" name="Default test" tests="2" failures="0" timestamp="12 Nov 2018 16:02:20 GMT" time="8.077" errors="0">
  <testcase name="getWeatherDetailsWithInvalidCityTest" time="7.098" classname="com.qa.rest.tests.WeatherGetTests"/>
  <testcase name="getWeatherDetailsWithValidCityTest" time="0.911" classname="com.qa.rest.tests.WeatherGetTests"/>
</testsuite> <!-- Default test -->
