<?xml version="1.0" encoding="UTF-8"?>
<testng-results skipped="0" failed="0" ignored="0" total="1" passed="1">
  <reporter-output>
  </reporter-output>
  <suite name="Default suite" duration-ms="1423" started-at="2018-11-14T21:02:50Z" finished-at="2018-11-14T21:02:52Z">
    <groups>
    </groups>
    <test name="Default test" duration-ms="1423" started-at="2018-11-14T21:02:50Z" finished-at="2018-11-14T21:02:52Z">
      <class name="com.qa.test.DeleteAPITest">
        <test-method status="PASS" signature="setUp()[pri:0, instance:com.qa.test.DeleteAPITest@1593948d]" name="setUp" is-config="true" duration-ms="12" started-at="2018-11-14T21:02:50Z" finished-at="2018-11-14T21:02:50Z">
          <reporter-output>
          </reporter-output>
        </test-method> <!-- setUp -->
        <test-method status="PASS" signature="deleteAPITest()[pri:0, instance:com.qa.test.DeleteAPITest@1593948d]" name="deleteAPITest" duration-ms="1376" started-at="2018-11-14T21:02:50Z" finished-at="2018-11-14T21:02:52Z">
          <reporter-output>
          </reporter-output>
        </test-method> <!-- deleteAPITest -->
      </class> <!-- com.qa.test.DeleteAPITest -->
    </test> <!-- Default test -->
  </suite> <!-- Default suite -->
</testng-results>
