<?xml version="1.0" encoding="UTF-8"?>
<testng-results skipped="0" failed="0" ignored="0" total="2" passed="2">
  <reporter-output>
  </reporter-output>
  <suite name="Suite" duration-ms="28396" started-at="2018-03-17T01:00:03Z" finished-at="2018-03-17T01:00:31Z">
    <groups>
    </groups>
    <test name="Test" duration-ms="28396" started-at="2018-03-17T01:00:03Z" finished-at="2018-03-17T01:00:31Z">
      <class name="com.mmps.test.Logintest">
        <test-method status="PASS" signature="invokeBrowser(java.lang.String, java.lang.String)[pri:0, instance:com.mmps.test.Logintest@20e2cbe0]" name="invokeBrowser" duration-ms="13384" started-at="2018-03-16T21:00:03Z" finished-at="2018-03-16T21:00:16Z">
          <params>
            <param index="0">
              <value>
                <![CDATA[CH]]>
              </value>
            </param>
            <param index="1">
              <value>
                <![CDATA[http://96.84.175.78/MMP-Release2-Integrated-Build.6.8.000/]]>
              </value>
            </param>
          </params>
          <reporter-output>
          </reporter-output>
        </test-method> <!-- invokeBrowser -->
        <test-method status="PASS" signature="PatientLoginTest(java.lang.String, java.lang.String)[pri:0, instance:com.mmps.test.Logintest@20e2cbe0]" name="PatientLoginTest" duration-ms="14972" started-at="2018-03-16T21:00:16Z" finished-at="2018-03-16T21:00:31Z">
          <params>
            <param index="0">
              <value>
                <![CDATA[ria1]]>
              </value>
            </param>
            <param index="1">
              <value>
                <![CDATA[Ria12345]]>
              </value>
            </param>
          </params>
          <reporter-output>
          </reporter-output>
        </test-method> <!-- PatientLoginTest -->
      </class> <!-- com.mmps.test.Logintest -->
    </test> <!-- Test -->
  </suite> <!-- Suite -->
</testng-results>
